In file included from [01m[K/home/darkhorse/project/ros2/CHAPT3/topic_sys_monitor_ws/build/status_display/sys_status_display_autogen/mocs_compilation.cpp:2[m[K:
[01m[K/home/darkhorse/project/ros2/CHAPT3/topic_sys_monitor_ws/build/status_display/sys_status_display_autogen/VN7FW4JONI/moc_sys_status_display.cpp:89:48:[m[K [01;31m[Kerror: [m[Kâ€˜[01m[KstaticMetaObject[m[Kâ€™ is not a member of â€˜[01m[Krclcpp::Node[m[Kâ€™
   89 |     QMetaObject::SuperData::link<rclcpp::Node::[01;31m[KstaticMetaObject[m[K>(),
      |                                                [01;31m[K^~~~~~~~~~~~~~~~[m[K
[01m[K/home/darkhorse/project/ros2/CHAPT3/topic_sys_monitor_ws/build/status_display/sys_status_display_autogen/VN7FW4JONI/moc_sys_status_display.cpp:89:65:[m[K [01;31m[Kerror: [m[Kno matching function for call to â€˜[01m[KQMetaObject::SuperData::link<<expression error> >()[m[Kâ€™
   89 |     [01;31m[KQMetaObject::SuperData::link<rclcpp::Node::staticMetaObject>()[m[K,
      |     [01;31m[K~~~~~~~~~~~~~~~~~~~~~~~~~~~~~~~~~~~~~~~~~~~~~~~~~~~~~~~~~~~~^~[m[K
In file included from [01m[K/usr/include/x86_64-linux-gnu/qt5/QtCore/qobject.h:46[m[K,
                 from [01m[K/usr/include/x86_64-linux-gnu/qt5/QtCore/QObject:1[m[K,
                 from [01m[K/home/darkhorse/project/ros2/CHAPT3/topic_sys_monitor_ws/build/status_display/sys_status_display_autogen/VN7FW4JONI/../../../../src/status_display/include/status_display/sys_status_display.h:4[m[K,
                 from [01m[K/home/darkhorse/project/ros2/CHAPT3/topic_sys_monitor_ws/build/status_display/sys_status_display_autogen/VN7FW4JONI/moc_sys_status_display.cpp:10[m[K:
[01m[K/usr/include/x86_64-linux-gnu/qt5/QtCore/qobjectdefs.h:599:69:[m[K [01;36m[Knote: [m[Kcandidate: â€˜[01m[Ktemplate<const QMetaObject& MO> static constexpr QMetaObject::SuperData QMetaObject::SuperData::[01;32m[Klink[m[K()[m[Kâ€™
  599 |         template <const QMetaObject &MO> static constexpr SuperData [01;36m[Klink[m[K()
      |                                                                     [01;36m[K^~~~[m[K
[01m[K/usr/include/x86_64-linux-gnu/qt5/QtCore/qobjectdefs.h:599:69:[m[K [01;36m[Knote: [m[K  template argument deduction/substitution failed:
[01m[K/home/darkhorse/project/ros2/CHAPT3/topic_sys_monitor_ws/build/status_display/sys_status_display_autogen/VN7FW4JONI/moc_sys_status_display.cpp:89:65:[m[K [01;31m[Kerror: [m[Ktemplate argument 1 is invalid
   89 |     [01;31m[KQMetaObject::SuperData::link<rclcpp::Node::staticMetaObject>()[m[K,
      |     [01;31m[K~~~~~~~~~~~~~~~~~~~~~~~~~~~~~~~~~~~~~~~~~~~~~~~~~~~~~~~~~~~~^~[m[K
[01m[K/home/darkhorse/project/ros2/CHAPT3/topic_sys_monitor_ws/build/status_display/sys_status_display_autogen/VN7FW4JONI/moc_sys_status_display.cpp:[m[K In member function â€˜[01m[Kvirtual void* SysStatusDisplay::[01;32m[Kqt_metacast[m[K(const char*)[m[Kâ€™:
[01m[K/home/darkhorse/project/ros2/CHAPT3/topic_sys_monitor_ws/build/status_display/sys_status_display_autogen/VN7FW4JONI/moc_sys_status_display.cpp:110:26:[m[K [01;31m[Kerror: [m[Kâ€˜[01m[Kqt_metacast[m[Kâ€™ is not a member of â€˜[01m[Krclcpp::Node[m[Kâ€™
  110 |     return rclcpp::Node::[01;31m[Kqt_metacast[m[K(_clname);
      |                          [01;31m[K^~~~~~~~~~~[m[K
[01m[K/home/darkhorse/project/ros2/CHAPT3/topic_sys_monitor_ws/build/status_display/sys_status_display_autogen/VN7FW4JONI/moc_sys_status_display.cpp:[m[K In member function â€˜[01m[Kvirtual int SysStatusDisplay::[01;32m[Kqt_metacall[m[K(QMetaObject::Call, int, void**)[m[Kâ€™:
[01m[K/home/darkhorse/project/ros2/CHAPT3/topic_sys_monitor_ws/build/status_display/sys_status_display_autogen/VN7FW4JONI/moc_sys_status_display.cpp:115:25:[m[K [01;31m[Kerror: [m[Kâ€˜[01m[Kqt_metacall[m[Kâ€™ is not a member of â€˜[01m[Krclcpp::Node[m[Kâ€™
  115 |     _id = rclcpp::Node::[01;31m[Kqt_metacall[m[K(_c, _id, _a);
      |                         [01;31m[K^~~~~~~~~~~[m[K
gmake[2]: *** [CMakeFiles/sys_status_display.dir/build.make:82: CMakeFiles/sys_status_display.dir/sys_status_display_autogen/mocs_compilation.cpp.o] Error 1
gmake[1]: *** [CMakeFiles/Makefile2:140: CMakeFiles/sys_status_display.dir/all] Error 2
gmake: *** [Makefile:146: all] Error 2
