[0.037s] Invoking command in '/home/darkhorse/project/ros2/CHAPT3/topic_sys_monitor_ws/build/status_display': AMENT_PREFIX_PATH=/home/darkhorse/project/ros2/CHAPT3/topic_sys_monitor_ws/install/status_interfaces:${AMENT_PREFIX_PATH} CMAKE_PREFIX_PATH=/home/darkhorse/project/ros2/CHAPT3/topic_sys_monitor_ws/install/status_interfaces:/opt/ros/jazzy/opt/gz_math_vendor:/opt/ros/jazzy/opt/gz_utils_vendor:/opt/ros/jazzy/opt/gz_cmake_vendor:/opt/ros/jazzy DEBUGINFOD_URLS=https://debuginfod.ubuntu.com LD_LIBRARY_PATH=/home/darkhorse/project/ros2/CHAPT3/topic_sys_monitor_ws/install/status_interfaces/lib:${LD_LIBRARY_PATH} PYTHONPATH=/home/darkhorse/project/ros2/CHAPT3/topic_sys_monitor_ws/install/status_interfaces/lib/python3.12/site-packages:${PYTHONPATH} /usr/bin/cmake --build /home/darkhorse/project/ros2/CHAPT3/topic_sys_monitor_ws/build/status_display -- -j8 -l8
[0.055s] -- Found ament_cmake: 2.5.5 (/opt/ros/jazzy/share/ament_cmake/cmake)
[0.225s] -- Found rclcpp: 28.1.16 (/opt/ros/jazzy/share/rclcpp/cmake)
[0.310s] -- Found rosidl_generator_c: 4.6.7 (/opt/ros/jazzy/share/rosidl_generator_c/cmake)
[0.317s] -- Found rosidl_generator_cpp: 4.6.7 (/opt/ros/jazzy/share/rosidl_generator_cpp/cmake)
[0.325s] -- Using all available rosidl_typesupport_c: rosidl_typesupport_fastrtps_c;rosidl_typesupport_introspection_c
[0.334s] -- Using all available rosidl_typesupport_cpp: rosidl_typesupport_fastrtps_cpp;rosidl_typesupport_introspection_cpp
[0.379s] -- Found rmw_implementation_cmake: 7.3.3 (/opt/ros/jazzy/share/rmw_implementation_cmake/cmake)
[0.380s] -- Found rmw_fastrtps_cpp: 8.4.3 (/opt/ros/jazzy/share/rmw_fastrtps_cpp/cmake)
[0.482s] -- Using RMW implementation 'rmw_fastrtps_cpp' as default
[0.567s] -- Found status_interfaces: 0.0.0 (/home/darkhorse/project/ros2/CHAPT3/topic_sys_monitor_ws/install/status_interfaces/share/status_interfaces/cmake)
[0.611s] -- Found ament_lint_auto: 0.17.4 (/opt/ros/jazzy/share/ament_lint_auto/cmake)
[0.685s] -- Added test 'cppcheck' to perform static code analysis on C / C++ code
[0.685s] -- Configured cppcheck include dirs: /home/darkhorse/project/ros2/CHAPT3/topic_sys_monitor_ws/src/status_display/include
[0.685s] -- Configured cppcheck exclude dirs and/or files: 
[0.685s] -- Added test 'lint_cmake' to check CMake code style
[0.686s] -- Added test 'uncrustify' to check C / C++ code style
[0.686s] -- Configured uncrustify additional arguments: 
[0.686s] -- Added test 'xmllint' to check XML markup files
[0.686s] -- Configuring done (0.6s)
[0.708s] -- Generating done (0.0s)
[0.711s] -- Build files have been written to: /home/darkhorse/project/ros2/CHAPT3/topic_sys_monitor_ws/build/status_display
[0.739s] [  0%] Built target sys_status_display_autogen_timestamp_deps
[0.767s] [ 20%] [34m[1mAutomatic MOC for target sys_status_display[0m
[1.014s] [ 20%] Built target sys_status_display_autogen
[1.041s] [ 40%] [32mBuilding CXX object CMakeFiles/sys_status_display.dir/sys_status_display_autogen/mocs_compilation.cpp.o[0m
[2.963s] In file included from [01m[K/home/darkhorse/project/ros2/CHAPT3/topic_sys_monitor_ws/build/status_display/sys_status_display_autogen/mocs_compilation.cpp:2[m[K:
[2.963s] [01m[K/home/darkhorse/project/ros2/CHAPT3/topic_sys_monitor_ws/build/status_display/sys_status_display_autogen/VN7FW4JONI/moc_sys_status_display.cpp:89:48:[m[K [01;31m[Kerror: [m[Kâ€˜[01m[KstaticMetaObject[m[Kâ€™ is not a member of â€˜[01m[Krclcpp::Node[m[Kâ€™
[2.963s]    89 |     QMetaObject::SuperData::link<rclcpp::Node::[01;31m[KstaticMetaObject[m[K>(),
[2.963s]       |                                                [01;31m[K^~~~~~~~~~~~~~~~[m[K
[2.963s] [01m[K/home/darkhorse/project/ros2/CHAPT3/topic_sys_monitor_ws/build/status_display/sys_status_display_autogen/VN7FW4JONI/moc_sys_status_display.cpp:89:65:[m[K [01;31m[Kerror: [m[Kno matching function for call to â€˜[01m[KQMetaObject::SuperData::link<<expression error> >()[m[Kâ€™
[2.964s]    89 |     [01;31m[KQMetaObject::SuperData::link<rclcpp::Node::staticMetaObject>()[m[K,
[2.964s]       |     [01;31m[K~~~~~~~~~~~~~~~~~~~~~~~~~~~~~~~~~~~~~~~~~~~~~~~~~~~~~~~~~~~~^~[m[K
[2.965s] In file included from [01m[K/usr/include/x86_64-linux-gnu/qt5/QtCore/qobject.h:46[m[K,
[2.965s]                  from [01m[K/usr/include/x86_64-linux-gnu/qt5/QtCore/QObject:1[m[K,
[2.965s]                  from [01m[K/home/darkhorse/project/ros2/CHAPT3/topic_sys_monitor_ws/build/status_display/sys_status_display_autogen/VN7FW4JONI/../../../../src/status_display/include/status_display/sys_status_display.h:4[m[K,
[2.965s]                  from [01m[K/home/darkhorse/project/ros2/CHAPT3/topic_sys_monitor_ws/build/status_display/sys_status_display_autogen/VN7FW4JONI/moc_sys_status_display.cpp:10[m[K:
[2.965s] [01m[K/usr/include/x86_64-linux-gnu/qt5/QtCore/qobjectdefs.h:599:69:[m[K [01;36m[Knote: [m[Kcandidate: â€˜[01m[Ktemplate<const QMetaObject& MO> static constexpr QMetaObject::SuperData QMetaObject::SuperData::[01;32m[Klink[m[K()[m[Kâ€™
[2.965s]   599 |         template <const QMetaObject &MO> static constexpr SuperData [01;36m[Klink[m[K()
[2.965s]       |                                                                     [01;36m[K^~~~[m[K
[2.965s] [01m[K/usr/include/x86_64-linux-gnu/qt5/QtCore/qobjectdefs.h:599:69:[m[K [01;36m[Knote: [m[K  template argument deduction/substitution failed:
[2.965s] [01m[K/home/darkhorse/project/ros2/CHAPT3/topic_sys_monitor_ws/build/status_display/sys_status_display_autogen/VN7FW4JONI/moc_sys_status_display.cpp:89:65:[m[K [01;31m[Kerror: [m[Ktemplate argument 1 is invalid
[2.965s]    89 |     [01;31m[KQMetaObject::SuperData::link<rclcpp::Node::staticMetaObject>()[m[K,
[2.965s]       |     [01;31m[K~~~~~~~~~~~~~~~~~~~~~~~~~~~~~~~~~~~~~~~~~~~~~~~~~~~~~~~~~~~~^~[m[K
[2.965s] [01m[K/home/darkhorse/project/ros2/CHAPT3/topic_sys_monitor_ws/build/status_display/sys_status_display_autogen/VN7FW4JONI/moc_sys_status_display.cpp:[m[K In member function â€˜[01m[Kvirtual void* SysStatusDisplay::[01;32m[Kqt_metacast[m[K(const char*)[m[Kâ€™:
[2.965s] [01m[K/home/darkhorse/project/ros2/CHAPT3/topic_sys_monitor_ws/build/status_display/sys_status_display_autogen/VN7FW4JONI/moc_sys_status_display.cpp:110:26:[m[K [01;31m[Kerror: [m[Kâ€˜[01m[Kqt_metacast[m[Kâ€™ is not a member of â€˜[01m[Krclcpp::Node[m[Kâ€™
[2.965s]   110 |     return rclcpp::Node::[01;31m[Kqt_metacast[m[K(_clname);
[2.965s]       |                          [01;31m[K^~~~~~~~~~~[m[K
[2.965s] [01m[K/home/darkhorse/project/ros2/CHAPT3/topic_sys_monitor_ws/build/status_display/sys_status_display_autogen/VN7FW4JONI/moc_sys_status_display.cpp:[m[K In member function â€˜[01m[Kvirtual int SysStatusDisplay::[01;32m[Kqt_metacall[m[K(QMetaObject::Call, int, void**)[m[Kâ€™:
[2.965s] [01m[K/home/darkhorse/project/ros2/CHAPT3/topic_sys_monitor_ws/build/status_display/sys_status_display_autogen/VN7FW4JONI/moc_sys_status_display.cpp:115:25:[m[K [01;31m[Kerror: [m[Kâ€˜[01m[Kqt_metacall[m[Kâ€™ is not a member of â€˜[01m[Krclcpp::Node[m[Kâ€™
[2.965s]   115 |     _id = rclcpp::Node::[01;31m[Kqt_metacall[m[K(_c, _id, _a);
[2.965s]       |                         [01;31m[K^~~~~~~~~~~[m[K
[3.591s] gmake[2]: *** [CMakeFiles/sys_status_display.dir/build.make:82: CMakeFiles/sys_status_display.dir/sys_status_display_autogen/mocs_compilation.cpp.o] Error 1
[3.592s] gmake[1]: *** [CMakeFiles/Makefile2:140: CMakeFiles/sys_status_display.dir/all] Error 2
[3.592s] gmake: *** [Makefile:146: all] Error 2
[3.594s] Invoked command in '/home/darkhorse/project/ros2/CHAPT3/topic_sys_monitor_ws/build/status_display' returned '2': AMENT_PREFIX_PATH=/home/darkhorse/project/ros2/CHAPT3/topic_sys_monitor_ws/install/status_interfaces:${AMENT_PREFIX_PATH} CMAKE_PREFIX_PATH=/home/darkhorse/project/ros2/CHAPT3/topic_sys_monitor_ws/install/status_interfaces:/opt/ros/jazzy/opt/gz_math_vendor:/opt/ros/jazzy/opt/gz_utils_vendor:/opt/ros/jazzy/opt/gz_cmake_vendor:/opt/ros/jazzy DEBUGINFOD_URLS=https://debuginfod.ubuntu.com LD_LIBRARY_PATH=/home/darkhorse/project/ros2/CHAPT3/topic_sys_monitor_ws/install/status_interfaces/lib:${LD_LIBRARY_PATH} PYTHONPATH=/home/darkhorse/project/ros2/CHAPT3/topic_sys_monitor_ws/install/status_interfaces/lib/python3.12/site-packages:${PYTHONPATH} /usr/bin/cmake --build /home/darkhorse/project/ros2/CHAPT3/topic_sys_monitor_ws/build/status_display -- -j8 -l8
