[0.046s] Invoking command in '/home/darkhorse/project/ros2/CHAPT3/topic_sys_monitor_ws/build/status_publisher': CMAKE_PREFIX_PATH=/home/darkhorse/project/ros2/CHAPT3/topic_sys_monitor_ws/install/status_interfaces:/home/darkhorse/project/ros2/CHAPT3/topic_sys_monitor_ws/install/status_publisher:/home/darkhorse/project/ros2/CHAPT3/topic_sys_monitor_ws/install/status_display:/opt/ros/jazzy/opt/gz_math_vendor:/opt/ros/jazzy/opt/gz_utils_vendor:/opt/ros/jazzy/opt/gz_cmake_vendor:/opt/ros/jazzy DEBUGINFOD_URLS=https://debuginfod.ubuntu.com /usr/bin/cmake --build /home/darkhorse/project/ros2/CHAPT3/topic_sys_monitor_ws/build/status_publisher -- -j8 -l8
[0.094s] [ 50%] [32mBuilding CXX object CMakeFiles/sys_status_publisher.dir/src/sys_status_publisher.cpp.o[0m
[1.865s] [01m[K/home/darkhorse/project/ros2/CHAPT3/topic_sys_monitor_ws/src/status_publisher/src/sys_status_publisher.cpp:[m[K In member function â€˜[01m[Kvoid SysStatusPublisher::[01;32m[Kpublish_status[m[K()[m[Kâ€™:
[1.865s] [01m[K/home/darkhorse/project/ros2/CHAPT3/topic_sys_monitor_ws/src/status_publisher/src/sys_status_publisher.cpp:44:51:[m[K [01;31m[Kerror: [m[Ktoo few arguments to function â€˜[01m[Ksg_cpu_stats*[01;32m[K sg_get_cpu_stats[m[K(size_t*)[m[Kâ€™
[1.865s]    44 | tats *cpu_stats = [01;31m[Ksg_get_cpu_stats()[m[K;
[1.865s]       |                   [01;31m[K~~~~~~~~~~~~~~~~^~[m[K
[1.865s] 
[1.865s] In file included from [01m[K/home/darkhorse/project/ros2/CHAPT3/topic_sys_monitor_ws/src/status_publisher/src/sys_status_publisher.cpp:3[m[K:
[1.865s] [01m[K/usr/include/statgrab.h:191:27:[m[K [01;36m[Knote: [m[Kdeclared here
[1.865s]   191 | __sg_public sg_cpu_stats *[01;36m[Ksg_get_cpu_stats[m[K(size_t *entries);
[1.865s]       |                           [01;36m[K^~~~~~~~~~~~~~~~[m[K
[1.865s] [01m[K/home/darkhorse/project/ros2/CHAPT3/topic_sys_monitor_ws/src/status_publisher/src/sys_status_publisher.cpp:80:51:[m[K [01;31m[Kerror: [m[Ktoo few arguments to function â€˜[01m[Ksg_mem_stats*[01;32m[K sg_get_mem_stats[m[K(size_t*)[m[Kâ€™
[1.865s]    80 | tats *mem_stats = [01;31m[Ksg_get_mem_stats()[m[K;
[1.865s]       |                   [01;31m[K~~~~~~~~~~~~~~~~^~[m[K
[1.865s] 
[1.866s] [01m[K/usr/include/statgrab.h:227:27:[m[K [01;36m[Knote: [m[Kdeclared here
[1.866s]   227 | __sg_public sg_mem_stats *[01;36m[Ksg_get_mem_stats[m[K(size_t *entries);
[1.866s]       |                           [01;36m[K^~~~~~~~~~~~~~~~[m[K
[1.871s] [01m[K/home/darkhorse/project/ros2/CHAPT3/topic_sys_monitor_ws/src/status_publisher/src/sys_status_publisher.cpp:[m[K In function â€˜[01m[Kint[01;32m[K main[m[K(int, char**)[m[Kâ€™:
[1.871s] [01m[K/home/darkhorse/project/ros2/CHAPT3/topic_sys_monitor_ws/src/status_publisher/src/sys_status_publisher.cpp:128:45:[m[K [01;31m[Kerror: [m[Kâ€˜[01m[Ksg_get_version[m[Kâ€™ was not declared in this scope; did you mean â€˜[01m[Ksg_get_error[m[Kâ€™?
[1.871s]   128 | libstatgrab version: " << [01;31m[Ksg_get_version[m[K() << std::endl;
[1.871s]       |                           [01;31m[K^~~~~~~~~~~~~~[m[K
[1.872s]       |                           [32m[Ksg_get_error[m[K
[1.872s] [01m[K/home/darkhorse/project/ros2/CHAPT3/topic_sys_monitor_ws/src/status_publisher/src/sys_status_publisher.cpp:131:16:[m[K [01;31m[Kerror: [m[Ktoo few arguments to function â€˜[01m[Ksg_error[01;32m[K sg_init[m[K(int)[m[Kâ€™
[1.872s]   131 |     if ([01;31m[Ksg_init()[m[K != 0)
[1.872s]       |         [01;31m[K~~~~~~~^~[m[K
[1.872s] [01m[K/usr/include/statgrab.h:130:22:[m[K [01;36m[Knote: [m[Kdeclared here
[1.872s]   130 | __sg_public sg_error [01;36m[Ksg_init[m[K(int ignore_init_errors);
[1.872s]       |                      [01;36m[K^~~~~~~[m[K
[2.656s] gmake[2]: *** [CMakeFiles/sys_status_publisher.dir/build.make:76: CMakeFiles/sys_status_publisher.dir/src/sys_status_publisher.cpp.o] Error 1
[2.656s] gmake[1]: *** [CMakeFiles/Makefile2:137: CMakeFiles/sys_status_publisher.dir/all] Error 2
[2.657s] gmake: *** [Makefile:146: all] Error 2
[2.659s] Invoked command in '/home/darkhorse/project/ros2/CHAPT3/topic_sys_monitor_ws/build/status_publisher' returned '2': CMAKE_PREFIX_PATH=/home/darkhorse/project/ros2/CHAPT3/topic_sys_monitor_ws/install/status_interfaces:/home/darkhorse/project/ros2/CHAPT3/topic_sys_monitor_ws/install/status_publisher:/home/darkhorse/project/ros2/CHAPT3/topic_sys_monitor_ws/install/status_display:/opt/ros/jazzy/opt/gz_math_vendor:/opt/ros/jazzy/opt/gz_utils_vendor:/opt/ros/jazzy/opt/gz_cmake_vendor:/opt/ros/jazzy DEBUGINFOD_URLS=https://debuginfod.ubuntu.com /usr/bin/cmake --build /home/darkhorse/project/ros2/CHAPT3/topic_sys_monitor_ws/build/status_publisher -- -j8 -l8
