[  0%] Built target sys_status_display_autogen_timestamp_deps
[ 20%] [34m[1mAutomatic MOC for target sys_status_display[0m
[ 20%] Built target sys_status_display_autogen
[ 40%] [32mBuilding CXX object CMakeFiles/sys_status_display.dir/src/sys_status_display.cpp.o[0m
[ 60%] [32m[1mLinking CXX executable sys_status_display[0m
/usr/bin/ld: CMakeFiles/sys_status_display.dir/src/sys_status_display.cpp.o: in function `SysStatusDisplay::SysStatusDisplay()::{lambda(std::shared_ptr<status_interfaces::msg::SystemStatus_<std::allocator<void> > >)#1}::operator()(std::shared_ptr<status_interfaces::msg::SystemStatus_<std::allocator<void> > >) const':
sys_status_display.cpp:(.text+0x339): undefined reference to `SysStatusDisplay::statusUpdated(QString const&)'
/usr/bin/ld: CMakeFiles/sys_status_display.dir/src/sys_status_display.cpp.o: in function `SysStatusDisplay::SysStatusDisplay()':
sys_status_display.cpp:(.text+0x50c): undefined reference to `vtable for SysStatusDisplay'
/usr/bin/ld: sys_status_display.cpp:(.text+0x521): undefined reference to `vtable for SysStatusDisplay'
/usr/bin/ld: CMakeFiles/sys_status_display.dir/src/sys_status_display.cpp.o: in function `main':
sys_status_display.cpp:(.text+0xec0): undefined reference to `SysStatusDisplay::statusUpdated(QString const&)'
/usr/bin/ld: CMakeFiles/sys_status_display.dir/src/sys_status_display.cpp.o: in function `std::enable_if<QtPrivate::FunctionPointer<main::{lambda(QString const&)#1}>::ArgumentCount==(-1), QMetaObject::Connection>::type QObject::connect<void (SysStatusDisplay::*)(QString const&), main::{lambda(QString const&)#1}>(QtPrivate::FunctionPointer<void (SysStatusDisplay::*)(QString const&)>::Object const*, void (SysStatusDisplay::*)(QString const&), QObject const*, main::{lambda(QString const&)#1}, Qt::ConnectionType)':
sys_status_display.cpp:(.text+0x15c2): undefined reference to `SysStatusDisplay::staticMetaObject'
collect2: error: ld returned 1 exit status
gmake[2]: *** [CMakeFiles/sys_status_display.dir/build.make:196: sys_status_display] Error 1
gmake[1]: *** [CMakeFiles/Makefile2:140: CMakeFiles/sys_status_display.dir/all] Error 2
gmake: *** [Makefile:146: all] Error 2
